<?xml version="1.0" encoding="UTF-8"?>
<!-- Generated by org.testng.reporters.JUnitXMLReporter -->
<testsuite hostname="LAPTOP-UQ82E66Q" ignored="0" name="Test" tests="6" failures="1" timestamp="2021-09-22T21:23:43 IST" time="0.122" errors="0">
  <testcase name="username" time="0.018" classname="com.TestNG_Project.Retry_Feautures"/>
  <testcase name="username1" time="0.003" classname="com.TestNG_Project.Retry_Feautures">
    <skipped/>
  </testcase> <!-- username1 -->
  <testcase name="username1" time="0.001" classname="com.TestNG_Project.Retry_Feautures">
    <skipped/>
  </testcase> <!-- username1 -->
  <testcase name="username1" time="0.002" classname="com.TestNG_Project.Retry_Feautures">
    <skipped/>
  </testcase> <!-- username1 -->
  <testcase name="username1" time="0.002" classname="com.TestNG_Project.Retry_Feautures">
    <skipped/>
  </testcase> <!-- username1 -->
  <testcase name="username1" time="0.001" classname="com.TestNG_Project.Retry_Feautures">
    <failure type="java.lang.AssertionError" message="expected [Dtn] but found [dtn]">
      <![CDATA[java.lang.AssertionError: expected [Dtn] but found [dtn]
at com.TestNG_Project.Retry_Feautures.username1(Retry_Feautures.java:17)
at java.util.ArrayList.forEach(Unknown Source)
... Removed 33 stack frames]]>
    </failure>
  </testcase> <!-- username1 -->
</testsuite> <!-- Test -->
